<?xml version="1.0" encoding="UTF-8"?>
<!-- Generated by org.testng.reporters.JUnitReportReporter -->
<testsuite hostname="Marianes-MacBook-Pro.local" name="FriendsTab" tests="7" failures="0" timestamp="5 Jun 2017 05:08:52 GMT" time="485.957" errors="0">
  <testcase name="unfriendUser" time="68.799" classname="FriendsTab"/>
  <testcase name="searchAddNoter" time="84.132" classname="FriendsTab"/>
  <testcase name="acceptFriendRequest" time="64.544" classname="FriendsTab"/>
  <testcase name="rejectFriendRequest" time="68.788" classname="FriendsTab"/>
  <testcase name="searchFriends" time="32.271" classname="FriendsTab"/>
  <testcase name="videoCall" time="85.560" classname="FriendsTab"/>
  <testcase name="voiceCall" time="81.863" classname="FriendsTab"/>
</testsuite> <!-- FriendsTab -->
