<?xml version="1.0" encoding="UTF-8"?>
<!-- Generated by org.testng.reporters.JUnitReportReporter -->
<testsuite hostname="Marianes-MacBook-Pro.local" name="MessagesTab" tests="1" failures="0" timestamp="26 May 2017 05:40:41 GMT" time="79.779" errors="0">
  <testcase name="testNewMessage" time="79.779" classname="MessagesTab"/>
</testsuite> <!-- MessagesTab -->
